::1 - - [12/Apr/2022:02:55:37 +0000] "GET / HTTP/1.1" 200 6447
::1 - - [12/Apr/2022:02:55:37 +0000] "GET /css/styles.css HTTP/1.1" 200 2512
::1 - - [12/Apr/2022:02:55:37 +0000] "GET /css/bootstrap.min.css HTTP/1.1" 200 109518
::1 - - [12/Apr/2022:02:55:37 +0000] "GET /js/bootstrap.min.js HTTP/1.1" 200 31819
::1 - - [12/Apr/2022:02:55:38 +0000] "GET /fonts/glyphicons-halflings-regular.woff HTTP/1.1" 404 178
::1 - - [12/Apr/2022:02:55:39 +0000] "GET /fonts/glyphicons-halflings-regular.ttf HTTP/1.1" 404 177
::1 - - [12/Apr/2022:02:55:40 +0000] "GET /favicon.ico HTTP/1.1" 404 150
::1 - - [12/Apr/2022:02:55:43 +0000] "GET /category HTTP/1.1" 200 8493
::1 - - [12/Apr/2022:02:55:43 +0000] "GET /css/bootstrap.min.css HTTP/1.1" 304 -
::1 - - [12/Apr/2022:02:55:43 +0000] "GET /css/styles.css HTTP/1.1" 304 -
::1 - - [12/Apr/2022:02:55:43 +0000] "GET /js/bootstrap.min.js HTTP/1.1" 304 -
::1 - - [12/Apr/2022:02:55:44 +0000] "GET /fonts/glyphicons-halflings-regular.woff HTTP/1.1" 404 178
::1 - - [12/Apr/2022:02:55:44 +0000] "GET /fonts/glyphicons-halflings-regular.ttf HTTP/1.1" 404 177
::1 - - [12/Apr/2022:02:55:46 +0000] "GET /products/category/1 HTTP/1.1" 200 42326
::1 - - [12/Apr/2022:02:55:46 +0000] "GET /css/bootstrap.min.css HTTP/1.1" 304 -
::1 - - [12/Apr/2022:02:55:46 +0000] "GET /css/styles.css HTTP/1.1" 304 -
::1 - - [12/Apr/2022:02:55:46 +0000] "GET /products/category/js/bootstrap.min.js HTTP/1.1" 404 176
::1 - - [12/Apr/2022:02:55:46 +0000] "GET /fonts/glyphicons-halflings-regular.woff HTTP/1.1" 404 178
::1 - - [12/Apr/2022:02:55:46 +0000] "GET /fonts/glyphicons-halflings-regular.ttf HTTP/1.1" 404 177
::1 - - [12/Apr/2022:02:55:57 +0000] "GET /category HTTP/1.1" 304 -
::1 - - [12/Apr/2022:02:55:57 +0000] "GET /css/bootstrap.min.css HTTP/1.1" 304 -
::1 - - [12/Apr/2022:02:55:57 +0000] "GET /css/styles.css HTTP/1.1" 304 -
::1 - - [12/Apr/2022:02:55:57 +0000] "GET /js/bootstrap.min.js HTTP/1.1" 304 -
::1 - - [12/Apr/2022:02:55:57 +0000] "GET /fonts/glyphicons-halflings-regular.woff HTTP/1.1" 404 178
::1 - - [12/Apr/2022:02:55:57 +0000] "GET /fonts/glyphicons-halflings-regular.ttf HTTP/1.1" 404 177
::1 - - [12/Apr/2022:02:55:57 +0000] "GET /products HTTP/1.1" 200 49070
::1 - - [12/Apr/2022:02:55:58 +0000] "GET /css/bootstrap.min.css HTTP/1.1" 304 -
::1 - - [12/Apr/2022:02:55:58 +0000] "GET /css/styles.css HTTP/1.1" 304 -
::1 - - [12/Apr/2022:02:55:58 +0000] "GET /js/bootstrap.min.js HTTP/1.1" 304 -
::1 - - [12/Apr/2022:02:55:58 +0000] "GET /fonts/glyphicons-halflings-regular.woff HTTP/1.1" 404 178
::1 - - [12/Apr/2022:02:55:58 +0000] "GET /fonts/glyphicons-halflings-regular.ttf HTTP/1.1" 404 177
